{"content": {"suites": {"0": {"status": {"total_pass": 0, "total_skip": 0, "total_xpass": 0, "total_xfail": 0, "total_rerun": 0, "total_fail": 4, "total_error": 0}, "tests": {"0": {"status": "FAIL", "message": "       assert False\n", "test_name": "test_addEmp_params_004[getDataforLogin0]", "rerun": "0"}, "1": {"status": "FAIL", "message": "   selenium.common.exceptions.NoSuchElementException: Message: no such element: Unable to locate element: {\"method\":\"xpath\",\"selector\":\"//span[@class='oxd-text oxd-text--span oxd-main-menu-item--name'][normalize-space()='PIM']\"}\n     (Session info: chrome=113.0.5672.127)\n   Stacktrace:\n   Backtrace:\n   \tGetHandleVerifier [0x00288893+48451]\n   \t(No symbol) [0x0021B8A1]\n   \t(No symbol) [0x00125058]\n   \t(No symbol) [0x00150467]\n   \t(No symbol) [0x0015069B]\n   \t(No symbol) [0x0017DD92]\n   \t(No symbol) [0x0016A304]\n   \t(No symbol) [0x0017C482]\n   \t(No symbol) [0x0016A0B6]\n   \t(No symbol) [0x00147E08]\n   \t(No symbol) [0x00148F2D]\n   \tGetHandleVerifier [0x004E8E3A+2540266]\n   \tGetHandleVerifier [0x00528959+2801161]\n   \tGetHandleVerifier [0x0052295C+2776588]\n   \tGetHandleVerifier [0x00312280+612144]\n   \t(No symbol) [0x00224F6C]\n   \t(No symbol) [0x002211D8]\n   \t(No symbol) [0x002212BB]\n   \t(No symbol) [0x00214857]\n   \tBaseThreadInitThunk [0x766A00C9+25]\n   \tRtlGetAppContainerNamedObjectPath [0x77D57B4E+286]\n   \tRtlGetAppContainerNamedObjectPath [0x77D57B1E+238]\n   \t(No symbol) [0x00000000]\n", "test_name": "test_addEmp_params_004[getDataforLogin1]", "rerun": "0"}, "2": {"status": "FAIL", "message": "   selenium.common.exceptions.NoSuchElementException: Message: no such element: Unable to locate element: {\"method\":\"xpath\",\"selector\":\"//span[@class='oxd-text oxd-text--span oxd-main-menu-item--name'][normalize-space()='PIM']\"}\n     (Session info: chrome=113.0.5672.127)\n   Stacktrace:\n   Backtrace:\n   \tGetHandleVerifier [0x00288893+48451]\n   \t(No symbol) [0x0021B8A1]\n   \t(No symbol) [0x00125058]\n   \t(No symbol) [0x00150467]\n   \t(No symbol) [0x0015069B]\n   \t(No symbol) [0x0017DD92]\n   \t(No symbol) [0x0016A304]\n   \t(No symbol) [0x0017C482]\n   \t(No symbol) [0x0016A0B6]\n   \t(No symbol) [0x00147E08]\n   \t(No symbol) [0x00148F2D]\n   \tGetHandleVerifier [0x004E8E3A+2540266]\n   \tGetHandleVerifier [0x00528959+2801161]\n   \tGetHandleVerifier [0x0052295C+2776588]\n   \tGetHandleVerifier [0x00312280+612144]\n   \t(No symbol) [0x00224F6C]\n   \t(No symbol) [0x002211D8]\n   \t(No symbol) [0x002212BB]\n   \t(No symbol) [0x00214857]\n   \tBaseThreadInitThunk [0x766A00C9+25]\n   \tRtlGetAppContainerNamedObjectPath [0x77D57B4E+286]\n   \tRtlGetAppContainerNamedObjectPath [0x77D57B1E+238]\n   \t(No symbol) [0x00000000]\n", "test_name": "test_addEmp_params_004[getDataforLogin2]", "rerun": "0"}, "3": {"status": "FAIL", "message": "   selenium.common.exceptions.NoSuchElementException: Message: no such element: Unable to locate element: {\"method\":\"xpath\",\"selector\":\"//span[@class='oxd-text oxd-text--span oxd-main-menu-item--name'][normalize-space()='PIM']\"}\n     (Session info: chrome=113.0.5672.127)\n   Stacktrace:\n   Backtrace:\n   \tGetHandleVerifier [0x00288893+48451]\n   \t(No symbol) [0x0021B8A1]\n   \t(No symbol) [0x00125058]\n   \t(No symbol) [0x00150467]\n   \t(No symbol) [0x0015069B]\n   \t(No symbol) [0x0017DD92]\n   \t(No symbol) [0x0016A304]\n   \t(No symbol) [0x0017C482]\n   \t(No symbol) [0x0016A0B6]\n   \t(No symbol) [0x00147E08]\n   \t(No symbol) [0x00148F2D]\n   \tGetHandleVerifier [0x004E8E3A+2540266]\n   \tGetHandleVerifier [0x00528959+2801161]\n   \tGetHandleVerifier [0x0052295C+2776588]\n   \tGetHandleVerifier [0x00312280+612144]\n   \t(No symbol) [0x00224F6C]\n   \t(No symbol) [0x002211D8]\n   \t(No symbol) [0x002212BB]\n   \t(No symbol) [0x00214857]\n   \tBaseThreadInitThunk [0x766A00C9+25]\n   \tRtlGetAppContainerNamedObjectPath [0x77D57B4E+286]\n   \tRtlGetAppContainerNamedObjectPath [0x77D57B1E+238]\n   \t(No symbol) [0x00000000]\n", "test_name": "test_addEmp_params_004[getDataforLogin3]", "rerun": "0"}}, "suite_name": "testcases/test_Addemp_params.py"}}}, "date": "May 27, 2023", "start_time": 1685197975.4159367, "total_suite": 1, "status": "FAIL", "status_list": {"pass": "0", "fail": "4", "skip": "0", "error": "0", "xpass": "0", "xfail": "0", "rerun": "0"}, "total_tests": "4"}